AH00558: apache2: Could not reliably determine the server's fully qualified domain name, using 192.168.48.4. Set the 'ServerName' directive globally to suppress this message
[Tue Aug 06 12:44:31.622172 2019] [mpm_prefork:notice] [pid 1] AH00163: Apache/2.4.25 (Debian) PHP/7.3.7 configured -- resuming normal operations
[Tue Aug 06 12:44:31.622222 2019] [core:notice] [pid 1] AH00094: Command line: 'apache2 -D FOREGROUND'
[Tue Aug 06 13:06:25.913485 2019] [php7:error] [pid 20] [client 192.168.48.1:41674] script '/var/www/html/email.php' not found or unable to stat, referer: http://localhost/mvc3/
[Tue Aug 06 13:06:32.759451 2019] [php7:error] [pid 21] [client 192.168.48.1:41676] script '/var/www/html/email.php' not found or unable to stat, referer: http://localhost/mvc3/
[Tue Aug 06 13:58:05.501369 2019] [mpm_prefork:notice] [pid 1] AH00169: caught SIGTERM, shutting down
AH00558: apache2: Could not reliably determine the server's fully qualified domain name, using 192.168.80.5. Set the 'ServerName' directive globally to suppress this message
[Wed Aug 07 06:06:25.515947 2019] [mpm_prefork:notice] [pid 1] AH00163: Apache/2.4.25 (Debian) PHP/7.3.7 configured -- resuming normal operations
[Wed Aug 07 06:06:25.516541 2019] [core:notice] [pid 1] AH00094: Command line: 'apache2 -D FOREGROUND'
AH00558: apache2: Could not reliably determine the server's fully qualified domain name, using 192.168.112.5. Set the 'ServerName' directive globally to suppress this message
[Wed Aug 07 06:46:21.605561 2019] [mpm_prefork:notice] [pid 1] AH00163: Apache/2.4.25 (Debian) PHP/7.3.7 configured -- resuming normal operations
[Wed Aug 07 06:46:21.606767 2019] [core:notice] [pid 1] AH00094: Command line: 'apache2 -D FOREGROUND'
[Wed Aug 07 07:56:16.953410 2019] [mpm_prefork:notice] [pid 1] AH00169: caught SIGTERM, shutting down
AH00558: apache2: Could not reliably determine the server's fully qualified domain name, using 192.168.128.4. Set the 'ServerName' directive globally to suppress this message
[Wed Aug 07 07:56:25.972645 2019] [mpm_prefork:notice] [pid 1] AH00163: Apache/2.4.25 (Debian) PHP/7.3.7 configured -- resuming normal operations
[Wed Aug 07 07:56:25.973938 2019] [core:notice] [pid 1] AH00094: Command line: 'apache2 -D FOREGROUND'
[Wed Aug 07 08:26:31.555193 2019] [mpm_prefork:notice] [pid 1] AH00169: caught SIGTERM, shutting down
AH00558: apache2: Could not reliably determine the server's fully qualified domain name, using 192.168.224.4. Set the 'ServerName' directive globally to suppress this message
[Wed Aug 07 08:44:07.944843 2019] [mpm_prefork:notice] [pid 1] AH00163: Apache/2.4.25 (Debian) PHP/7.3.7 configured -- resuming normal operations
[Wed Aug 07 08:44:07.945769 2019] [core:notice] [pid 1] AH00094: Command line: 'apache2 -D FOREGROUND'
[Wed Aug 07 13:50:47.779131 2019] [mpm_prefork:notice] [pid 1] AH00169: caught SIGTERM, shutting down
AH00558: apache2: Could not reliably determine the server's fully qualified domain name, using 192.168.240.4. Set the 'ServerName' directive globally to suppress this message
[Thu Aug 08 05:58:45.998680 2019] [mpm_prefork:notice] [pid 1] AH00163: Apache/2.4.25 (Debian) PHP/7.3.7 configured -- resuming normal operations
[Thu Aug 08 05:58:45.999305 2019] [core:notice] [pid 1] AH00094: Command line: 'apache2 -D FOREGROUND'
[Thu Aug 08 06:09:08.324762 2019] [mpm_prefork:notice] [pid 1] AH00169: caught SIGTERM, shutting down
AH00558: apache2: Could not reliably determine the server's fully qualified domain name, using 172.18.0.4. Set the 'ServerName' directive globally to suppress this message
[Thu Aug 08 06:09:34.665193 2019] [mpm_prefork:notice] [pid 1] AH00163: Apache/2.4.25 (Debian) PHP/7.3.7 configured -- resuming normal operations
[Thu Aug 08 06:09:34.665668 2019] [core:notice] [pid 1] AH00094: Command line: 'apache2 -D FOREGROUND'
[Thu Aug 08 06:22:19.493979 2019] [mpm_prefork:notice] [pid 1] AH00169: caught SIGTERM, shutting down
AH00558: apache2: Could not reliably determine the server's fully qualified domain name, using 172.19.0.4. Set the 'ServerName' directive globally to suppress this message
[Thu Aug 08 06:22:32.691065 2019] [mpm_prefork:notice] [pid 1] AH00163: Apache/2.4.25 (Debian) PHP/7.3.7 configured -- resuming normal operations
[Thu Aug 08 06:22:32.691110 2019] [core:notice] [pid 1] AH00094: Command line: 'apache2 -D FOREGROUND'
[Thu Aug 08 06:25:43.707280 2019] [mpm_prefork:notice] [pid 1] AH00169: caught SIGTERM, shutting down
AH00558: apache2: Could not reliably determine the server's fully qualified domain name, using 172.20.0.4. Set the 'ServerName' directive globally to suppress this message
[Thu Aug 08 06:26:05.245634 2019] [mpm_prefork:notice] [pid 1] AH00163: Apache/2.4.25 (Debian) PHP/7.3.7 configured -- resuming normal operations
[Thu Aug 08 06:26:05.246212 2019] [core:notice] [pid 1] AH00094: Command line: 'apache2 -D FOREGROUND'
